Drill report for /home/anton/Downloads/Kicad/RPi_Hat_Template-master/Raspberry_Pi_2m_TX_2.kicad_pcb
Created on Fri 03 Feb 2017 16:59:54 SAST

Copper Layer Stackup:
    =============================================================
    L1 :  F.Cu                      front
    L2 :  B.Cu                      back


Drill file 'Raspberry_Pi_2m_TX_2.drl' contains
    plated through holes:
    =============================================================
    T1  0.40mm  0.016"  (3 holes)
    T2  1.00mm  0.039"  (90 holes)
    T3  1.00mm  0.039"  (2 holes)
    T4  1.02mm  0.040"  (45 holes)
    T5  1.14mm  0.045"  (3 holes)
    T6  1.30mm  0.051"  (6 holes)

    Total plated holes count 149


Drill file 'Raspberry_Pi_2m_TX_2-NPTH.drl' contains
    unplated through holes:
    =============================================================
    T1  2.75mm  0.108"  (4 holes)

    Total unplated holes count 4
